<?xml version="1.0" encoding="UTF-8"?>
<testsuite xmlns:xsi="http://www.w3.org/2001/XMLSchema-instance" xsi:noNamespaceSchemaLocation="https://maven.apache.org/surefire/maven-surefire-plugin/xsd/surefire-test-report.xsd" version="3.0.1" name="com.projectsphere.automation.tests.AdminTests" time="499.138" tests="10" errors="0" skipped="6" failures="3">
  <properties>
[...]
</properties>
  <testcase name="TC_SEARCH_01_searchBarIsVisibleOnDashboard" classname="com.projectsphere.automation.tests.AdminTests" time="3.44">
    <system-out><![CDATA[17:58:12.794 [main] INFO com.projectsphere.automation.utils.ConfigReader -- Loading configuration from: config.properties
17:58:12.804 [main] INFO com.projectsphere.automation.utils.ConfigReader -- Configuration loaded successfully for env: dev
17:58:13.249 [main] INFO com.projectsphere.automation.utils.ExtentManager -- ExtentReports instance created at: target/reports/ExtentReport.html
17:58:13.249 [main] INFO com.projectsphere.automation.base.BaseTest -- ExtentReports initialized. Report path: target/reports/ExtentReport.html
17:58:13.249 [main] INFO com.projectsphere.automation.utils.ExtentReportListener -- Test Suite starting: Surefire test
17:58:13.306 [main] INFO com.projectsphere.automation.base.BaseTest -- Setting up WebDriver — browser=chrome, env=dev
17:58:13.328 [main] DEBUG io.github.bonigarcia.wdm.WebDriverManager -- Using WebDriverManager 5.9.2
17:58:13.826 [main] DEBUG io.github.bonigarcia.wdm.cache.ResolutionCache -- Resolution chrome=146 in cache (valid until 18:01:45 19/05/2026 IST)
17:58:13.826 [main] DEBUG io.github.bonigarcia.wdm.cache.ResolutionCache -- Resolution chrome146=146.0.7680.165 in cache (valid until 15:55:09 20/05/2026 IST)
17:58:13.826 [main] INFO io.github.bonigarcia.wdm.WebDriverManager -- Using chromedriver 146.0.7680.165 (resolved driver for Chrome 146)
17:58:13.865 [main] DEBUG io.github.bonigarcia.wdm.WebDriverManager -- Driver chromedriver 146.0.7680.165 found in cache
17:58:13.865 [main] INFO io.github.bonigarcia.wdm.WebDriverManager -- Exporting webdriver.chrome.driver as C:\Users\2479309\.cache\selenium\chromedriver\win64\146.0.7680.165\chromedriver.exe
17:58:13.875 [main] INFO com.projectsphere.automation.base.BaseTest -- Launching Chrome WebDriver (automation detection disabled)
17:58:17.658 [main] INFO com.projectsphere.automation.base.BaseTest -- Navigating to: https://projectsphere-8xvr.onrender.com/home
17:58:21.096 [main] INFO com.projectsphere.automation.base.BaseTest -- Page loaded. Title='ProjectSphere' URL='https://projectsphere-8xvr.onrender.com/home'
17:58:21.096 [main] INFO com.projectsphere.automation.base.BaseTest -- Checking which page loaded (marketing page or login form)...
17:58:41.791 [main] INFO com.projectsphere.automation.base.BaseTest -- Login form not visible yet — looking for 'Sign In' nav button on landing page...
17:58:41.943 [main] INFO com.projectsphere.automation.base.BaseTest -- Found 'Sign In' nav button (text='Sign In') — clicking it.
17:58:42.146 [main] INFO com.projectsphere.automation.base.BaseTest -- Waiting for login form after Sign In click (up to 90s)...
17:58:42.171 [main] INFO com.projectsphere.automation.base.BaseTest -- Login form appeared after 0s.
17:58:42.199 [main] INFO com.projectsphere.automation.utils.ExtentReportListener -- Test started: TC_SEARCH_01_searchBarIsVisibleOnDashboard
17:58:42.211 [main] INFO com.projectsphere.automation.pages.LoginPage -- LoginPage initialized with explicit wait=60s
17:58:42.321 [main] DEBUG com.projectsphere.automation.pages.LoginPage -- Email field located: placeholder='Enter your email'
17:58:42.707 [main] INFO com.projectsphere.automation.pages.LoginPage -- Entered email: admin@projectsphere.com
17:58:42.778 [main] DEBUG com.projectsphere.automation.pages.LoginPage -- Password field located
17:58:43.035 [main] INFO com.projectsphere.automation.pages.LoginPage -- Entered password: [hidden]
17:58:43.352 [main] INFO com.projectsphere.automation.pages.LoginPage -- Clicked Sign In button (button.btn-sign)
17:58:43.352 [main] INFO com.projectsphere.automation.pages.LoginPage -- Attempting Admin login with: admin@projectsphere.com
17:58:43.352 [main] INFO com.projectsphere.automation.pages.AdminDashboardPage -- AdminDashboardPage initialized
17:58:45.498 [main] INFO com.projectsphere.automation.pages.AdminDashboardPage -- Admin Dashboard is displayed
]]></system-out>
    <system-err><![CDATA[May 19, 2026 5:58:17 PM org.openqa.selenium.devtools.CdpVersionFinder findNearestMatch
WARNING: Unable to find CDP implementation matching 146
May 19, 2026 5:58:17 PM org.openqa.selenium.chromium.ChromiumDriver lambda$new$5
WARNING: Unable to find version of CDP to use for 146.0.7680.178. You may need to include a dependency on a specific version of the CDP using something similar to `org.seleniumhq.selenium:selenium-devtools-v86:4.21.0` where the version ("v86") matches the version of the chromium-based browser you're using and the version number of the artifact is the same as Selenium's.
]]></system-err>
  </testcase>
  <testcase name="TC_SEARCH_02_searchForKnownTermShowsResults" classname="com.projectsphere.automation.tests.AdminTests" time="0.0">
    <skipped message="The following asserts failed:&#10;	Searching for &apos;admin&apos; should display a results dropdown with at least one matching item expected [true] but found [false]"/>
    <system-out><![CDATA[17:58:45.643 [main] INFO com.projectsphere.automation.utils.ExtentReportListener -- Test passed: TC_SEARCH_01_searchBarIsVisibleOnDashboard
17:58:52.318 [main] INFO com.projectsphere.automation.base.BaseTest -- WebDriver quit successfully for test: TC_SEARCH_01_searchBarIsVisibleOnDashboard
17:58:52.318 [main] INFO com.projectsphere.automation.base.BaseTest -- Setting up WebDriver — browser=chrome, env=dev
17:58:52.329 [main] DEBUG io.github.bonigarcia.wdm.WebDriverManager -- Using WebDriverManager 5.9.2
17:58:52.334 [main] DEBUG io.github.bonigarcia.wdm.cache.ResolutionCache -- Resolution chrome=146 in cache (valid until 18:01:45 19/05/2026 IST)
17:58:52.350 [main] DEBUG io.github.bonigarcia.wdm.cache.ResolutionCache -- Resolution chrome146=146.0.7680.165 in cache (valid until 15:55:09 20/05/2026 IST)
17:58:52.350 [main] INFO io.github.bonigarcia.wdm.WebDriverManager -- Using chromedriver 146.0.7680.165 (resolved driver for Chrome 146)
17:58:52.350 [main] DEBUG io.github.bonigarcia.wdm.WebDriverManager -- Driver chromedriver 146.0.7680.165 found in cache
17:58:52.350 [main] INFO io.github.bonigarcia.wdm.WebDriverManager -- Exporting webdriver.chrome.driver as C:\Users\2479309\.cache\selenium\chromedriver\win64\146.0.7680.165\chromedriver.exe
17:58:52.350 [main] INFO com.projectsphere.automation.base.BaseTest -- Launching Chrome WebDriver (automation detection disabled)
17:58:55.021 [main] INFO com.projectsphere.automation.base.BaseTest -- Navigating to: https://projectsphere-8xvr.onrender.com/home
17:58:56.487 [main] INFO com.projectsphere.automation.base.BaseTest -- Page loaded. Title='ProjectSphere' URL='https://projectsphere-8xvr.onrender.com/home'
17:58:56.487 [main] INFO com.projectsphere.automation.base.BaseTest -- Checking which page loaded (marketing page or login form)...
17:59:17.068 [main] INFO com.projectsphere.automation.base.BaseTest -- Login form not visible yet — looking for 'Sign In' nav button on landing page...
17:59:17.217 [main] INFO com.projectsphere.automation.base.BaseTest -- Found 'Sign In' nav button (text='Sign In') — clicking it.
17:59:17.431 [main] INFO com.projectsphere.automation.base.BaseTest -- Waiting for login form after Sign In click (up to 90s)...
17:59:17.468 [main] INFO com.projectsphere.automation.base.BaseTest -- Login form appeared after 0s.
17:59:17.468 [main] INFO com.projectsphere.automation.utils.ExtentReportListener -- Test started: TC_SEARCH_02_searchForKnownTermShowsResults
17:59:17.468 [main] INFO com.projectsphere.automation.pages.LoginPage -- LoginPage initialized with explicit wait=60s
17:59:17.566 [main] DEBUG com.projectsphere.automation.pages.LoginPage -- Email field located: placeholder='Enter your email'
17:59:17.974 [main] INFO com.projectsphere.automation.pages.LoginPage -- Entered email: admin@projectsphere.com
17:59:18.034 [main] DEBUG com.projectsphere.automation.pages.LoginPage -- Password field located
17:59:18.338 [main] INFO com.projectsphere.automation.pages.LoginPage -- Entered password: [hidden]
17:59:18.642 [main] INFO com.projectsphere.automation.pages.LoginPage -- Clicked Sign In button (button.btn-sign)
17:59:18.644 [main] INFO com.projectsphere.automation.pages.LoginPage -- Attempting Admin login with: admin@projectsphere.com
17:59:18.644 [main] INFO com.projectsphere.automation.pages.AdminDashboardPage -- AdminDashboardPage initialized
17:59:20.158 [main] INFO com.projectsphere.automation.pages.AdminDashboardPage -- Typed search query: 'admin'
17:59:30.815 [main] WARN com.projectsphere.automation.utils.RetryAnalyzer -- Retrying test 'TC_SEARCH_02_searchForKnownTermShowsResults' – attempt 1/2
]]></system-out>
    <system-err><![CDATA[May 19, 2026 5:58:54 PM org.openqa.selenium.devtools.CdpVersionFinder findNearestMatch
WARNING: Unable to find CDP implementation matching 146
May 19, 2026 5:58:54 PM org.openqa.selenium.chromium.ChromiumDriver lambda$new$5
WARNING: Unable to find version of CDP to use for 146.0.7680.178. You may need to include a dependency on a specific version of the CDP using something similar to `org.seleniumhq.selenium:selenium-devtools-v86:4.21.0` where the version ("v86") matches the version of the chromium-based browser you're using and the version number of the artifact is the same as Selenium's.
]]></system-err>
  </testcase>
  <testcase name="TC_SEARCH_02_searchForKnownTermShowsResults" classname="com.projectsphere.automation.tests.AdminTests" time="0.0">
    <skipped message="The following asserts failed:&#10;	Searching for &apos;admin&apos; should display a results dropdown with at least one matching item expected [true] but found [false]"/>
    <system-out><![CDATA[17:59:30.828 [main] WARN com.projectsphere.automation.utils.ExtentReportListener -- Test skipped: TC_SEARCH_02_searchForKnownTermShowsResults
17:59:37.284 [main] INFO com.projectsphere.automation.base.BaseTest -- WebDriver quit successfully for test: TC_SEARCH_02_searchForKnownTermShowsResults
17:59:37.284 [main] INFO com.projectsphere.automation.base.BaseTest -- Setting up WebDriver — browser=chrome, env=dev
17:59:37.284 [main] DEBUG io.github.bonigarcia.wdm.WebDriverManager -- Using WebDriverManager 5.9.2
17:59:37.306 [main] DEBUG io.github.bonigarcia.wdm.cache.ResolutionCache -- Resolution chrome=146 in cache (valid until 18:01:45 19/05/2026 IST)
17:59:37.306 [main] DEBUG io.github.bonigarcia.wdm.cache.ResolutionCache -- Resolution chrome146=146.0.7680.165 in cache (valid until 15:55:09 20/05/2026 IST)
17:59:37.306 [main] INFO io.github.bonigarcia.wdm.WebDriverManager -- Using chromedriver 146.0.7680.165 (resolved driver for Chrome 146)
17:59:37.319 [main] DEBUG io.github.bonigarcia.wdm.WebDriverManager -- Driver chromedriver 146.0.7680.165 found in cache
17:59:37.321 [main] INFO io.github.bonigarcia.wdm.WebDriverManager -- Exporting webdriver.chrome.driver as C:\Users\2479309\.cache\selenium\chromedriver\win64\146.0.7680.165\chromedriver.exe
17:59:37.321 [main] INFO com.projectsphere.automation.base.BaseTest -- Launching Chrome WebDriver (automation detection disabled)
17:59:39.910 [main] INFO com.projectsphere.automation.base.BaseTest -- Navigating to: https://projectsphere-8xvr.onrender.com/home
17:59:40.892 [main] INFO com.projectsphere.automation.base.BaseTest -- Page loaded. Title='ProjectSphere' URL='https://projectsphere-8xvr.onrender.com/home'
17:59:40.892 [main] INFO com.projectsphere.automation.base.BaseTest -- Checking which page loaded (marketing page or login form)...
18:00:01.533 [main] INFO com.projectsphere.automation.base.BaseTest -- Login form not visible yet — looking for 'Sign In' nav button on landing page...
18:00:01.657 [main] INFO com.projectsphere.automation.base.BaseTest -- Found 'Sign In' nav button (text='Sign In') — clicking it.
18:00:01.936 [main] INFO com.projectsphere.automation.base.BaseTest -- Waiting for login form after Sign In click (up to 90s)...
18:00:01.971 [main] INFO com.projectsphere.automation.base.BaseTest -- Login form appeared after 0s.
18:00:01.971 [main] INFO com.projectsphere.automation.utils.ExtentReportListener -- Test started: TC_SEARCH_02_searchForKnownTermShowsResults
18:00:01.971 [main] INFO com.projectsphere.automation.pages.LoginPage -- LoginPage initialized with explicit wait=60s
18:00:02.080 [main] DEBUG com.projectsphere.automation.pages.LoginPage -- Email field located: placeholder='Enter your email'
18:00:02.464 [main] INFO com.projectsphere.automation.pages.LoginPage -- Entered email: admin@projectsphere.com
18:00:02.513 [main] DEBUG com.projectsphere.automation.pages.LoginPage -- Password field located
18:00:02.790 [main] INFO com.projectsphere.automation.pages.LoginPage -- Entered password: [hidden]
18:00:03.103 [main] INFO com.projectsphere.automation.pages.LoginPage -- Clicked Sign In button (button.btn-sign)
18:00:03.103 [main] INFO com.projectsphere.automation.pages.LoginPage -- Attempting Admin login with: admin@projectsphere.com
18:00:03.103 [main] INFO com.projectsphere.automation.pages.AdminDashboardPage -- AdminDashboardPage initialized
18:00:04.773 [main] INFO com.projectsphere.automation.pages.AdminDashboardPage -- Typed search query: 'admin'
18:00:15.411 [main] WARN com.projectsphere.automation.utils.RetryAnalyzer -- Retrying test 'TC_SEARCH_02_searchForKnownTermShowsResults' – attempt 2/2
]]></system-out>
    <system-err><![CDATA[May 19, 2026 5:59:39 PM org.openqa.selenium.devtools.CdpVersionFinder findNearestMatch
WARNING: Unable to find CDP implementation matching 146
May 19, 2026 5:59:39 PM org.openqa.selenium.chromium.ChromiumDriver lambda$new$5
WARNING: Unable to find version of CDP to use for 146.0.7680.178. You may need to include a dependency on a specific version of the CDP using something similar to `org.seleniumhq.selenium:selenium-devtools-v86:4.21.0` where the version ("v86") matches the version of the chromium-based browser you're using and the version number of the artifact is the same as Selenium's.
]]></system-err>
  </testcase>
  <testcase name="TC_SEARCH_02_searchForKnownTermShowsResults" classname="com.projectsphere.automation.tests.AdminTests" time="13.593">
    <failure message="The following asserts failed:&#10;	Searching for &apos;admin&apos; should display a results dropdown with at least one matching item expected [true] but found [false]" type="java.lang.AssertionError"><![CDATA[java.lang.AssertionError: 
The following asserts failed:
	Searching for 'admin' should display a results dropdown with at least one matching item expected [true] but found [false]
	at org.testng.asserts.SoftAssert.assertAll(SoftAssert.java:46)
	at org.testng.asserts.SoftAssert.assertAll(SoftAssert.java:30)
	at com.projectsphere.automation.tests.AdminTests.TC_SEARCH_02_searchForKnownTermShowsResults(AdminTests.java:662)
	at java.base/jdk.internal.reflect.DirectMethodHandleAccessor.invoke(DirectMethodHandleAccessor.java:103)
	at java.base/java.lang.reflect.Method.invoke(Method.java:580)
	at org.testng.internal.invokers.MethodInvocationHelper.invokeMethod(MethodInvocationHelper.java:141)
	at org.testng.internal.invokers.TestInvoker.invokeMethod(TestInvoker.java:686)
	at org.testng.internal.invokers.TestInvoker.retryFailed(TestInvoker.java:269)
	at org.testng.internal.invokers.MethodRunner.runInSequence(MethodRunner.java:76)
	at org.testng.internal.invokers.TestInvoker$MethodInvocationAgent.invoke(TestInvoker.java:992)
	at org.testng.internal.invokers.TestInvoker.invokeTestMethods(TestInvoker.java:203)
	at org.testng.internal.invokers.TestMethodWorker.invokeTestMethods(TestMethodWorker.java:154)
	at org.testng.internal.invokers.TestMethodWorker.run(TestMethodWorker.java:134)
	at java.base/java.util.ArrayList.forEach(ArrayList.java:1596)
	at org.testng.TestRunner.privateRun(TestRunner.java:739)
	at org.testng.TestRunner.run(TestRunner.java:614)
	at org.testng.SuiteRunner.runTest(SuiteRunner.java:421)
	at org.testng.SuiteRunner.runSequentially(SuiteRunner.java:413)
	at org.testng.SuiteRunner.privateRun(SuiteRunner.java:373)
	at org.testng.SuiteRunner.run(SuiteRunner.java:312)
	at org.testng.SuiteRunnerWorker.runSuite(SuiteRunnerWorker.java:52)
	at org.testng.SuiteRunnerWorker.run(SuiteRunnerWorker.java:95)
	at org.testng.TestNG.runSuitesSequentially(TestNG.java:1274)
	at org.testng.TestNG.runSuitesLocally(TestNG.java:1208)
	at org.testng.TestNG.runSuites(TestNG.java:1112)
	at org.testng.TestNG.run(TestNG.java:1079)
	at org.apache.maven.surefire.testng.TestNGExecutor.run(TestNGExecutor.java:155)
	at org.apache.maven.surefire.testng.TestNGDirectoryTestSuite.executeSingleClass(TestNGDirectoryTestSuite.java:102)
	at org.apache.maven.surefire.testng.TestNGDirectoryTestSuite.execute(TestNGDirectoryTestSuite.java:91)
	at org.apache.maven.surefire.testng.TestNGProvider.invoke(TestNGProvider.java:137)
	at org.apache.maven.surefire.booter.ForkedBooter.runSuitesInProcess(ForkedBooter.java:385)
	at org.apache.maven.surefire.booter.ForkedBooter.execute(ForkedBooter.java:162)
	at org.apache.maven.surefire.booter.ForkedBooter.run(ForkedBooter.java:507)
	at org.apache.maven.surefire.booter.ForkedBooter.main(ForkedBooter.java:495)
]]></failure>
    <system-out><![CDATA[18:00:15.411 [main] WARN com.projectsphere.automation.utils.ExtentReportListener -- Test skipped: TC_SEARCH_02_searchForKnownTermShowsResults
18:00:22.282 [main] INFO com.projectsphere.automation.base.BaseTest -- WebDriver quit successfully for test: TC_SEARCH_02_searchForKnownTermShowsResults
18:00:22.282 [main] INFO com.projectsphere.automation.base.BaseTest -- Setting up WebDriver — browser=chrome, env=dev
18:00:22.282 [main] DEBUG io.github.bonigarcia.wdm.WebDriverManager -- Using WebDriverManager 5.9.2
18:00:22.293 [main] DEBUG io.github.bonigarcia.wdm.cache.ResolutionCache -- Resolution chrome=146 in cache (valid until 18:01:45 19/05/2026 IST)
18:00:22.293 [main] DEBUG io.github.bonigarcia.wdm.cache.ResolutionCache -- Resolution chrome146=146.0.7680.165 in cache (valid until 15:55:09 20/05/2026 IST)
18:00:22.293 [main] INFO io.github.bonigarcia.wdm.WebDriverManager -- Using chromedriver 146.0.7680.165 (resolved driver for Chrome 146)
18:00:22.312 [main] DEBUG io.github.bonigarcia.wdm.WebDriverManager -- Driver chromedriver 146.0.7680.165 found in cache
18:00:22.312 [main] INFO io.github.bonigarcia.wdm.WebDriverManager -- Exporting webdriver.chrome.driver as C:\Users\2479309\.cache\selenium\chromedriver\win64\146.0.7680.165\chromedriver.exe
18:00:22.312 [main] INFO com.projectsphere.automation.base.BaseTest -- Launching Chrome WebDriver (automation detection disabled)
18:00:25.180 [main] INFO com.projectsphere.automation.base.BaseTest -- Navigating to: https://projectsphere-8xvr.onrender.com/home
18:00:26.051 [main] INFO com.projectsphere.automation.base.BaseTest -- Page loaded. Title='ProjectSphere' URL='https://projectsphere-8xvr.onrender.com/home'
18:00:26.051 [main] INFO com.projectsphere.automation.base.BaseTest -- Checking which page loaded (marketing page or login form)...
18:00:46.620 [main] INFO com.projectsphere.automation.base.BaseTest -- Login form not visible yet — looking for 'Sign In' nav button on landing page...
18:00:46.765 [main] INFO com.projectsphere.automation.base.BaseTest -- Found 'Sign In' nav button (text='Sign In') — clicking it.
18:00:47.076 [main] INFO com.projectsphere.automation.base.BaseTest -- Waiting for login form after Sign In click (up to 90s)...
18:00:47.111 [main] INFO com.projectsphere.automation.base.BaseTest -- Login form appeared after 0s.
18:00:47.111 [main] INFO com.projectsphere.automation.utils.ExtentReportListener -- Test started: TC_SEARCH_02_searchForKnownTermShowsResults
18:00:47.111 [main] INFO com.projectsphere.automation.pages.LoginPage -- LoginPage initialized with explicit wait=60s
18:00:47.207 [main] DEBUG com.projectsphere.automation.pages.LoginPage -- Email field located: placeholder='Enter your email'
18:00:47.622 [main] INFO com.projectsphere.automation.pages.LoginPage -- Entered email: admin@projectsphere.com
18:00:47.697 [main] DEBUG com.projectsphere.automation.pages.LoginPage -- Password field located
18:00:47.950 [main] INFO com.projectsphere.automation.pages.LoginPage -- Entered password: [hidden]
18:00:48.273 [main] INFO com.projectsphere.automation.pages.LoginPage -- Clicked Sign In button (button.btn-sign)
18:00:48.273 [main] INFO com.projectsphere.automation.pages.LoginPage -- Attempting Admin login with: admin@projectsphere.com
18:00:48.273 [main] INFO com.projectsphere.automation.pages.AdminDashboardPage -- AdminDashboardPage initialized
18:00:50.076 [main] INFO com.projectsphere.automation.pages.AdminDashboardPage -- Typed search query: 'admin'
18:01:00.702 [main] ERROR com.projectsphere.automation.utils.RetryAnalyzer -- Test 'TC_SEARCH_02_searchForKnownTermShowsResults' exhausted 2 retries and is marked FAILED
]]></system-out>
    <system-err><![CDATA[May 19, 2026 6:00:25 PM org.openqa.selenium.devtools.CdpVersionFinder findNearestMatch
WARNING: Unable to find CDP implementation matching 146
May 19, 2026 6:00:25 PM org.openqa.selenium.chromium.ChromiumDriver lambda$new$5
WARNING: Unable to find version of CDP to use for 146.0.7680.178. You may need to include a dependency on a specific version of the CDP using something similar to `org.seleniumhq.selenium:selenium-devtools-v86:4.21.0` where the version ("v86") matches the version of the chromium-based browser you're using and the version number of the artifact is the same as Selenium's.
]]></system-err>
  </testcase>
  <testcase name="TC_SEARCH_03_searchForNonExistentTermShowsNoResults" classname="com.projectsphere.automation.tests.AdminTests" time="0.0">
    <skipped message="The following asserts failed:&#10;	System should display a &apos;No results found&apos; message for a non-existent search term expected [true] but found [false]"/>
    <system-out><![CDATA[18:01:01.095 [main] INFO com.projectsphere.automation.utils.ExtentReportListener -- Screenshot captured: target/screenshots\TC_SEARCH_02_searchForKnownTermShowsResults_1779193860708.png
18:01:01.095 [main] ERROR com.projectsphere.automation.utils.ExtentReportListener -- Test failed: TC_SEARCH_02_searchForKnownTermShowsResults — The following asserts failed:
	Searching for 'admin' should display a results dropdown with at least one matching item expected [true] but found [false]
18:01:01.095 [main] WARN com.projectsphere.automation.base.BaseTest -- Test FAILED: TC_SEARCH_02_searchForKnownTermShowsResults
18:01:07.934 [main] INFO com.projectsphere.automation.base.BaseTest -- WebDriver quit successfully for test: TC_SEARCH_02_searchForKnownTermShowsResults
18:01:07.934 [main] INFO com.projectsphere.automation.base.BaseTest -- Setting up WebDriver — browser=chrome, env=dev
18:01:07.934 [main] DEBUG io.github.bonigarcia.wdm.WebDriverManager -- Using WebDriverManager 5.9.2
18:01:07.960 [main] DEBUG io.github.bonigarcia.wdm.cache.ResolutionCache -- Resolution chrome=146 in cache (valid until 18:01:45 19/05/2026 IST)
18:01:07.960 [main] DEBUG io.github.bonigarcia.wdm.cache.ResolutionCache -- Resolution chrome146=146.0.7680.165 in cache (valid until 15:55:09 20/05/2026 IST)
18:01:07.960 [main] INFO io.github.bonigarcia.wdm.WebDriverManager -- Using chromedriver 146.0.7680.165 (resolved driver for Chrome 146)
18:01:07.960 [main] DEBUG io.github.bonigarcia.wdm.WebDriverManager -- Driver chromedriver 146.0.7680.165 found in cache
18:01:07.960 [main] INFO io.github.bonigarcia.wdm.WebDriverManager -- Exporting webdriver.chrome.driver as C:\Users\2479309\.cache\selenium\chromedriver\win64\146.0.7680.165\chromedriver.exe
18:01:07.960 [main] INFO com.projectsphere.automation.base.BaseTest -- Launching Chrome WebDriver (automation detection disabled)
18:01:10.551 [main] INFO com.projectsphere.automation.base.BaseTest -- Navigating to: https://projectsphere-8xvr.onrender.com/home
18:01:11.535 [main] INFO com.projectsphere.automation.base.BaseTest -- Page loaded. Title='ProjectSphere' URL='https://projectsphere-8xvr.onrender.com/home'
18:01:11.535 [main] INFO com.projectsphere.automation.base.BaseTest -- Checking which page loaded (marketing page or login form)...
18:01:32.169 [main] INFO com.projectsphere.automation.base.BaseTest -- Login form not visible yet — looking for 'Sign In' nav button on landing page...
18:01:32.265 [main] INFO com.projectsphere.automation.base.BaseTest -- Found 'Sign In' nav button (text='Sign In') — clicking it.
18:01:32.417 [main] INFO com.projectsphere.automation.base.BaseTest -- Waiting for login form after Sign In click (up to 90s)...
18:01:32.436 [main] INFO com.projectsphere.automation.base.BaseTest -- Login form appeared after 0s.
18:01:32.436 [main] INFO com.projectsphere.automation.utils.ExtentReportListener -- Test started: TC_SEARCH_03_searchForNonExistentTermShowsNoResults
18:01:32.438 [main] INFO com.projectsphere.automation.pages.LoginPage -- LoginPage initialized with explicit wait=60s
18:01:32.513 [main] DEBUG com.projectsphere.automation.pages.LoginPage -- Email field located: placeholder='Enter your email'
18:01:32.775 [main] INFO com.projectsphere.automation.pages.LoginPage -- Entered email: admin@projectsphere.com
18:01:32.845 [main] DEBUG com.projectsphere.automation.pages.LoginPage -- Password field located
18:01:33.045 [main] INFO com.projectsphere.automation.pages.LoginPage -- Entered password: [hidden]
18:01:33.251 [main] INFO com.projectsphere.automation.pages.LoginPage -- Clicked Sign In button (button.btn-sign)
18:01:33.251 [main] INFO com.projectsphere.automation.pages.LoginPage -- Attempting Admin login with: admin@projectsphere.com
18:01:33.251 [main] INFO com.projectsphere.automation.pages.AdminDashboardPage -- AdminDashboardPage initialized
18:01:34.736 [main] INFO com.projectsphere.automation.pages.AdminDashboardPage -- Typed search query: 'XYZABC_NO_MATCH_99999'
18:01:45.394 [main] WARN com.projectsphere.automation.utils.RetryAnalyzer -- Retrying test 'TC_SEARCH_03_searchForNonExistentTermShowsNoResults' – attempt 1/2
]]></system-out>
    <system-err><![CDATA[May 19, 2026 6:01:10 PM org.openqa.selenium.devtools.CdpVersionFinder findNearestMatch
WARNING: Unable to find CDP implementation matching 146
May 19, 2026 6:01:10 PM org.openqa.selenium.chromium.ChromiumDriver lambda$new$5
WARNING: Unable to find version of CDP to use for 146.0.7680.178. You may need to include a dependency on a specific version of the CDP using something similar to `org.seleniumhq.selenium:selenium-devtools-v86:4.21.0` where the version ("v86") matches the version of the chromium-based browser you're using and the version number of the artifact is the same as Selenium's.
]]></system-err>
  </testcase>
  <testcase name="TC_SEARCH_03_searchForNonExistentTermShowsNoResults" classname="com.projectsphere.automation.tests.AdminTests" time="0.0">
    <skipped message="The following asserts failed:&#10;	System should display a &apos;No results found&apos; message for a non-existent search term expected [true] but found [false]"/>
    <system-out><![CDATA[18:01:45.394 [main] WARN com.projectsphere.automation.utils.ExtentReportListener -- Test skipped: TC_SEARCH_03_searchForNonExistentTermShowsNoResults
18:01:51.961 [main] INFO com.projectsphere.automation.base.BaseTest -- WebDriver quit successfully for test: TC_SEARCH_03_searchForNonExistentTermShowsNoResults
18:01:51.961 [main] INFO com.projectsphere.automation.base.BaseTest -- Setting up WebDriver — browser=chrome, env=dev
18:01:51.961 [main] DEBUG io.github.bonigarcia.wdm.WebDriverManager -- Using WebDriverManager 5.9.2
18:01:51.979 [main] DEBUG io.github.bonigarcia.wdm.cache.ResolutionCache -- Removing resolution chrome=146 from cache (expired on Tue May 19 18:01:45 IST 2026)
18:01:51.993 [main] DEBUG org.apache.hc.client5.http.impl.classic.InternalHttpClient -- ex-0000000001 preparing request execution
18:01:52.009 [main] DEBUG org.apache.hc.client5.http.impl.classic.ProtocolExec -- ex-0000000001 target auth state: UNCHALLENGED
18:01:52.009 [main] DEBUG org.apache.hc.client5.http.impl.classic.ProtocolExec -- ex-0000000001 proxy auth state: UNCHALLENGED
18:01:52.009 [main] DEBUG org.apache.hc.client5.http.impl.classic.ConnectExec -- ex-0000000001 acquiring connection with route {s}->https://raw.githubusercontent.com:443
18:01:52.009 [main] DEBUG org.apache.hc.client5.http.impl.classic.InternalHttpClient -- ex-0000000001 acquiring endpoint (3 MINUTES)
18:01:52.009 [main] DEBUG org.apache.hc.client5.http.impl.io.PoolingHttpClientConnectionManager -- ex-0000000001 endpoint lease request (3 MINUTES) [route: {s}->https://raw.githubusercontent.com:443][total available: 0; route allocated: 0 of 5; total allocated: 0 of 25]
18:01:52.009 [main] DEBUG org.apache.hc.client5.http.impl.io.PoolingHttpClientConnectionManager -- ex-0000000001 endpoint leased [route: {s}->https://raw.githubusercontent.com:443][total available: 0; route allocated: 1 of 5; total allocated: 1 of 25]
18:01:52.032 [main] DEBUG org.apache.hc.client5.http.impl.io.PoolingHttpClientConnectionManager -- ex-0000000001 acquired ep-0000000001
18:01:52.032 [main] DEBUG org.apache.hc.client5.http.impl.classic.InternalHttpClient -- ex-0000000001 acquired endpoint ep-0000000001
18:01:52.032 [main] DEBUG org.apache.hc.client5.http.impl.classic.ConnectExec -- ex-0000000001 opening connection {s}->https://raw.githubusercontent.com:443
18:01:52.032 [main] DEBUG org.apache.hc.client5.http.impl.classic.InternalHttpClient -- ep-0000000001 connecting endpoint (null)
18:01:52.032 [main] DEBUG org.apache.hc.client5.http.impl.io.PoolingHttpClientConnectionManager -- ep-0000000001 connecting endpoint to https://raw.githubusercontent.com:443 (30 SECONDS)
18:01:52.032 [main] DEBUG org.apache.hc.client5.http.impl.io.DefaultHttpClientConnectionOperator -- raw.githubusercontent.com resolving remote address
18:01:52.057 [main] DEBUG org.apache.hc.client5.http.impl.io.DefaultHttpClientConnectionOperator -- raw.githubusercontent.com resolved to [raw.githubusercontent.com/185.199.110.133, raw.githubusercontent.com/185.199.109.133, raw.githubusercontent.com/185.199.111.133, raw.githubusercontent.com/185.199.108.133]
18:01:52.057 [main] DEBUG org.apache.hc.client5.http.impl.io.DefaultHttpClientConnectionOperator -- raw.githubusercontent.com:443 connecting null->raw.githubusercontent.com/185.199.110.133:443 (30 SECONDS)
18:01:52.057 [main] DEBUG org.apache.hc.client5.http.ssl.SSLConnectionSocketFactory -- Connecting socket to raw.githubusercontent.com/185.199.110.133:443 with timeout 30 SECONDS
18:01:52.075 [main] DEBUG org.apache.hc.client5.http.ssl.SSLConnectionSocketFactory -- Enabled protocols: [TLSv1.3, TLSv1.2]
18:01:52.075 [main] DEBUG org.apache.hc.client5.http.ssl.SSLConnectionSocketFactory -- Enabled cipher suites: [TLS_AES_256_GCM_SHA384, TLS_AES_128_GCM_SHA256, TLS_CHACHA20_POLY1305_SHA256, TLS_ECDHE_ECDSA_WITH_AES_256_GCM_SHA384, TLS_ECDHE_ECDSA_WITH_AES_128_GCM_SHA256, TLS_ECDHE_ECDSA_WITH_CHACHA20_POLY1305_SHA256, TLS_ECDHE_RSA_WITH_AES_256_GCM_SHA384, TLS_ECDHE_RSA_WITH_CHACHA20_POLY1305_SHA256, TLS_ECDHE_RSA_WITH_AES_128_GCM_SHA256, TLS_DHE_RSA_WITH_AES_256_GCM_SHA384, TLS_DHE_RSA_WITH_CHACHA20_POLY1305_SHA256, TLS_DHE_DSS_WITH_AES_256_GCM_SHA384, TLS_DHE_RSA_WITH_AES_128_GCM_SHA256, TLS_DHE_DSS_WITH_AES_128_GCM_SHA256, TLS_ECDHE_ECDSA_WITH_AES_256_CBC_SHA384, TLS_ECDHE_RSA_WITH_AES_256_CBC_SHA384, TLS_ECDHE_ECDSA_WITH_AES_128_CBC_SHA256, TLS_ECDHE_RSA_WITH_AES_128_CBC_SHA256, TLS_DHE_RSA_WITH_AES_256_CBC_SHA256, TLS_DHE_DSS_WITH_AES_256_CBC_SHA256, TLS_DHE_RSA_WITH_AES_128_CBC_SHA256, TLS_DHE_DSS_WITH_AES_128_CBC_SHA256, TLS_ECDHE_ECDSA_WITH_AES_256_CBC_SHA, TLS_ECDHE_RSA_WITH_AES_256_CBC_SHA, TLS_ECDHE_ECDSA_WITH_AES_128_CBC_SHA, TLS_ECDHE_RSA_WITH_AES_128_CBC_SHA, TLS_DHE_RSA_WITH_AES_256_CBC_SHA, TLS_DHE_DSS_WITH_AES_256_CBC_SHA, TLS_DHE_RSA_WITH_AES_128_CBC_SHA, TLS_DHE_DSS_WITH_AES_128_CBC_SHA, TLS_RSA_WITH_AES_256_GCM_SHA384, TLS_RSA_WITH_AES_128_GCM_SHA256, TLS_RSA_WITH_AES_256_CBC_SHA256, TLS_RSA_WITH_AES_128_CBC_SHA256, TLS_RSA_WITH_AES_256_CBC_SHA, TLS_RSA_WITH_AES_128_CBC_SHA, TLS_EMPTY_RENEGOTIATION_INFO_SCSV]
18:01:52.075 [main] DEBUG org.apache.hc.client5.http.ssl.SSLConnectionSocketFactory -- Starting handshake (null)
18:01:52.351 [main] DEBUG org.apache.hc.client5.http.ssl.SSLConnectionSocketFactory -- Secure session established
18:01:52.351 [main] DEBUG org.apache.hc.client5.http.ssl.SSLConnectionSocketFactory --  negotiated protocol: TLSv1.3
18:01:52.351 [main] DEBUG org.apache.hc.client5.http.ssl.SSLConnectionSocketFactory --  negotiated cipher suite: TLS_AES_128_GCM_SHA256
18:01:52.351 [main] DEBUG org.apache.hc.client5.http.ssl.SSLConnectionSocketFactory --  peer principal: CN=*.github.io
18:01:52.351 [main] DEBUG org.apache.hc.client5.http.ssl.SSLConnectionSocketFactory --  peer alternative names: [*.github.com, *.github.io, *.githubusercontent.com, github.com, github.io, githubusercontent.com]
18:01:52.365 [main] DEBUG org.apache.hc.client5.http.ssl.SSLConnectionSocketFactory --  issuer principal: CN=R12, O=Let's Encrypt, C=US
18:01:52.365 [main] DEBUG org.apache.hc.client5.http.impl.io.DefaultManagedHttpClientConnection -- http-outgoing-0 set socket timeout to 3 MINUTES
18:01:52.365 [main] DEBUG org.apache.hc.client5.http.impl.io.DefaultHttpClientConnectionOperator -- raw.githubusercontent.com:443 connected null->raw.githubusercontent.com/185.199.110.133:443 as http-outgoing-0
18:01:52.367 [main] DEBUG org.apache.hc.client5.http.impl.io.PoolingHttpClientConnectionManager -- ep-0000000001 connected http-outgoing-0
18:01:52.367 [main] DEBUG org.apache.hc.client5.http.impl.classic.InternalHttpClient -- ep-0000000001 endpoint connected
18:01:52.369 [main] DEBUG org.apache.hc.client5.http.impl.classic.MainClientExec -- ex-0000000001 executing GET /bonigarcia/webdrivermanager/master/src/main/resources/commands.properties HTTP/1.1
18:01:52.369 [main] DEBUG org.apache.hc.client5.http.protocol.RequestAddCookies -- ex-0000000001 Cookie spec selected: strict
18:01:52.390 [main] DEBUG org.apache.hc.client5.http.impl.classic.InternalHttpClient -- ep-0000000001 start execution ex-0000000001
18:01:52.390 [main] DEBUG org.apache.hc.client5.http.impl.io.PoolingHttpClientConnectionManager -- ep-0000000001 executing exchange ex-0000000001 over http-outgoing-0
18:01:52.390 [main] DEBUG org.apache.hc.client5.http.headers -- http-outgoing-0 >> GET /bonigarcia/webdrivermanager/master/src/main/resources/commands.properties HTTP/1.1
18:01:52.390 [main] DEBUG org.apache.hc.client5.http.headers -- http-outgoing-0 >> user-agent: Apache-HttpClient/5.0
18:01:52.390 [main] DEBUG org.apache.hc.client5.http.headers -- http-outgoing-0 >> accept-encoding: gzip, deflate, br
18:01:52.390 [main] DEBUG org.apache.hc.client5.http.headers -- http-outgoing-0 >> cache-control: max-age=0
18:01:52.390 [main] DEBUG org.apache.hc.client5.http.headers -- http-outgoing-0 >> connection: keep-alive
18:01:52.390 [main] DEBUG org.apache.hc.client5.http.headers -- http-outgoing-0 >> Host: raw.githubusercontent.com
18:01:52.390 [main] DEBUG org.apache.hc.client5.http.wire -- http-outgoing-0 >> "GET /bonigarcia/webdrivermanager/master/src/main/resources/commands.properties HTTP/1.1[\r][\n]"
18:01:52.390 [main] DEBUG org.apache.hc.client5.http.wire -- http-outgoing-0 >> "user-agent: Apache-HttpClient/5.0[\r][\n]"
18:01:52.390 [main] DEBUG org.apache.hc.client5.http.wire -- http-outgoing-0 >> "accept-encoding: gzip, deflate, br[\r][\n]"
18:01:52.390 [main] DEBUG org.apache.hc.client5.http.wire -- http-outgoing-0 >> "cache-control: max-age=0[\r][\n]"
18:01:52.390 [main] DEBUG org.apache.hc.client5.http.wire -- http-outgoing-0 >> "connection: keep-alive[\r][\n]"
18:01:52.390 [main] DEBUG org.apache.hc.client5.http.wire -- http-outgoing-0 >> "Host: raw.githubusercontent.com[\r][\n]"
18:01:52.390 [main] DEBUG org.apache.hc.client5.http.wire -- http-outgoing-0 >> "[\r][\n]"
18:01:52.398 [main] DEBUG org.apache.hc.client5.http.wire -- http-outgoing-0 << "HTTP/1.1 200 OK[\r][\n]"
18:01:52.398 [main] DEBUG org.apache.hc.client5.http.wire -- http-outgoing-0 << "Connection: keep-alive[\r][\n]"
18:01:52.398 [main] DEBUG org.apache.hc.client5.http.wire -- http-outgoing-0 << "Content-Length: 946[\r][\n]"
18:01:52.398 [main] DEBUG org.apache.hc.client5.http.wire -- http-outgoing-0 << "Cache-Control: max-age=300[\r][\n]"
18:01:52.398 [main] DEBUG org.apache.hc.client5.http.wire -- http-outgoing-0 << "Content-Security-Policy: default-src 'none'; style-src 'unsafe-inline'; sandbox[\r][\n]"
18:01:52.398 [main] DEBUG org.apache.hc.client5.http.wire -- http-outgoing-0 << "Content-Type: text/plain; charset=utf-8[\r][\n]"
18:01:52.398 [main] DEBUG org.apache.hc.client5.http.wire -- http-outgoing-0 << "ETag: W/"dc0c32cea2dfa86f6cf10513cf8a64e1e8817484a415b658b4eecd962d4deaee"[\r][\n]"
18:01:52.398 [main] DEBUG org.apache.hc.client5.http.wire -- http-outgoing-0 << "Strict-Transport-Security: max-age=31536000[\r][\n]"
18:01:52.398 [main] DEBUG org.apache.hc.client5.http.wire -- http-outgoing-0 << "X-Content-Type-Options: nosniff[\r][\n]"
18:01:52.398 [main] DEBUG org.apache.hc.client5.http.wire -- http-outgoing-0 << "X-Frame-Options: deny[\r][\n]"
18:01:52.398 [main] DEBUG org.apache.hc.client5.http.wire -- http-outgoing-0 << "X-XSS-Protection: 1; mode=block[\r][\n]"
18:01:52.398 [main] DEBUG org.apache.hc.client5.http.wire -- http-outgoing-0 << "X-GitHub-Request-Id: 75E0:24B09A:1C17E:5052E:6A02393E[\r][\n]"
18:01:52.398 [main] DEBUG org.apache.hc.client5.http.wire -- http-outgoing-0 << "Content-Encoding: gzip[\r][\n]"
18:01:52.398 [main] DEBUG org.apache.hc.client5.http.wire -- http-outgoing-0 << "Accept-Ranges: bytes[\r][\n]"
18:01:52.398 [main] DEBUG org.apache.hc.client5.http.wire -- http-outgoing-0 << "Date: Tue, 19 May 2026 12:31:51 GMT[\r][\n]"
18:01:52.398 [main] DEBUG org.apache.hc.client5.http.wire -- http-outgoing-0 << "Via: 1.1 varnish[\r][\n]"
18:01:52.398 [main] DEBUG org.apache.hc.client5.http.wire -- http-outgoing-0 << "X-Served-By: cache-maa10244-MAA[\r][\n]"
18:01:52.398 [main] DEBUG org.apache.hc.client5.http.wire -- http-outgoing-0 << "X-Cache: HIT[\r][\n]"
18:01:52.398 [main] DEBUG org.apache.hc.client5.http.wire -- http-outgoing-0 << "X-Cache-Hits: 3[\r][\n]"
18:01:52.398 [main] DEBUG org.apache.hc.client5.http.wire -- http-outgoing-0 << "X-Timer: S1779193912.884039,VS0,VE0[\r][\n]"
18:01:52.398 [main] DEBUG org.apache.hc.client5.http.wire -- http-outgoing-0 << "Vary: Authorization,Accept-Encoding[\r][\n]"
18:01:52.398 [main] DEBUG org.apache.hc.client5.http.wire -- http-outgoing-0 << "Access-Control-Allow-Origin: *[\r][\n]"
18:01:52.398 [main] DEBUG org.apache.hc.client5.http.wire -- http-outgoing-0 << "Cross-Origin-Resource-Policy: cross-origin[\r][\n]"
18:01:52.398 [main] DEBUG org.apache.hc.client5.http.wire -- http-outgoing-0 << "X-Fastly-Request-ID: 80d61da0b220e8727271f9780efe62c16bb1de4a[\r][\n]"
18:01:52.398 [main] DEBUG org.apache.hc.client5.http.wire -- http-outgoing-0 << "Expires: Tue, 19 May 2026 12:36:51 GMT[\r][\n]"
18:01:52.398 [main] DEBUG org.apache.hc.client5.http.wire -- http-outgoing-0 << "Source-Age: 86[\r][\n]"
18:01:52.398 [main] DEBUG org.apache.hc.client5.http.wire -- http-outgoing-0 << "[\r][\n]"
18:01:52.398 [main] DEBUG org.apache.hc.client5.http.headers -- http-outgoing-0 << HTTP/1.1 200 OK
18:01:52.410 [main] DEBUG org.apache.hc.client5.http.headers -- http-outgoing-0 << Connection: keep-alive
18:01:52.410 [main] DEBUG org.apache.hc.client5.http.headers -- http-outgoing-0 << Content-Length: 946
18:01:52.410 [main] DEBUG org.apache.hc.client5.http.headers -- http-outgoing-0 << Cache-Control: max-age=300
18:01:52.410 [main] DEBUG org.apache.hc.client5.http.headers -- http-outgoing-0 << Content-Security-Policy: default-src 'none'; style-src 'unsafe-inline'; sandbox
18:01:52.410 [main] DEBUG org.apache.hc.client5.http.headers -- http-outgoing-0 << Content-Type: text/plain; charset=utf-8
18:01:52.410 [main] DEBUG org.apache.hc.client5.http.headers -- http-outgoing-0 << ETag: W/"dc0c32cea2dfa86f6cf10513cf8a64e1e8817484a415b658b4eecd962d4deaee"
18:01:52.410 [main] DEBUG org.apache.hc.client5.http.headers -- http-outgoing-0 << Strict-Transport-Security: max-age=31536000
18:01:52.410 [main] DEBUG org.apache.hc.client5.http.headers -- http-outgoing-0 << X-Content-Type-Options: nosniff
18:01:52.410 [main] DEBUG org.apache.hc.client5.http.headers -- http-outgoing-0 << X-Frame-Options: deny
18:01:52.410 [main] DEBUG org.apache.hc.client5.http.headers -- http-outgoing-0 << X-XSS-Protection: 1; mode=block
18:01:52.410 [main] DEBUG org.apache.hc.client5.http.headers -- http-outgoing-0 << X-GitHub-Request-Id: 75E0:24B09A:1C17E:5052E:6A02393E
18:01:52.410 [main] DEBUG org.apache.hc.client5.http.headers -- http-outgoing-0 << Content-Encoding: gzip
18:01:52.410 [main] DEBUG org.apache.hc.client5.http.headers -- http-outgoing-0 << Accept-Ranges: bytes
18:01:52.410 [main] DEBUG org.apache.hc.client5.http.headers -- http-outgoing-0 << Date: Tue, 19 May 2026 12:31:51 GMT
18:01:52.410 [main] DEBUG org.apache.hc.client5.http.headers -- http-outgoing-0 << Via: 1.1 varnish
18:01:52.410 [main] DEBUG org.apache.hc.client5.http.headers -- http-outgoing-0 << X-Served-By: cache-maa10244-MAA
18:01:52.410 [main] DEBUG org.apache.hc.client5.http.headers -- http-outgoing-0 << X-Cache: HIT
18:01:52.410 [main] DEBUG org.apache.hc.client5.http.headers -- http-outgoing-0 << X-Cache-Hits: 3
18:01:52.410 [main] DEBUG org.apache.hc.client5.http.headers -- http-outgoing-0 << X-Timer: S1779193912.884039,VS0,VE0
18:01:52.410 [main] DEBUG org.apache.hc.client5.http.headers -- http-outgoing-0 << Vary: Authorization,Accept-Encoding
18:01:52.410 [main] DEBUG org.apache.hc.client5.http.headers -- http-outgoing-0 << Access-Control-Allow-Origin: *
18:01:52.410 [main] DEBUG org.apache.hc.client5.http.headers -- http-outgoing-0 << Cross-Origin-Resource-Policy: cross-origin
18:01:52.410 [main] DEBUG org.apache.hc.client5.http.headers -- http-outgoing-0 << X-Fastly-Request-ID: 80d61da0b220e8727271f9780efe62c16bb1de4a
18:01:52.410 [main] DEBUG org.apache.hc.client5.http.headers -- http-outgoing-0 << Expires: Tue, 19 May 2026 12:36:51 GMT
18:01:52.410 [main] DEBUG org.apache.hc.client5.http.headers -- http-outgoing-0 << Source-Age: 86
18:01:52.412 [main] DEBUG org.apache.hc.client5.http.impl.classic.MainClientExec -- ex-0000000001 connection can be kept alive for 3 MINUTES
18:01:52.428 [main] DEBUG org.apache.hc.client5.http.wire -- http-outgoing-0 << "[0x1f][0xffffff8b][0x8][0x0][0x0][0x0][0x0][0x0][0x0][0x3][0xffffffb5]X[0xffffffd1]n[0xffffffda]0[0x14]}[0xffffffe7]+,[0xffffffba]J [0x11][0xffffffb2][0x1][0xffffffeb][0xffffffaa]Jy[0xffffffa0][0x19]e[0xffffffd5][0xffffffa8]`[0xffffffd0]v[0xffffff9b][0xffffffe4][0x17][0xffffff93]8`)[0xffffff89]Q[0xffffff9c]@[0xffffffb7][0xffffffa9][0xfffffffb][0xfffffff6]9NB[0xffffffe3]$[0xc]H[0xffffffe0][0xffffffad][0xffffff8e][0xffffff8f][0xffffffef]97[0xffffffdc]s}[0xffffffd3][0xb][0xffffffa0]S[0xffffffc7]A[0xffffffae][0xffffffc9][0xffffff80][0xffffff89]|4G[0xc][0xffffffd7].[0xffffffc0][0xffffffe3][0xffffff92]0`[0x11][0x1b][0x3][0xffffff83][0xffffffba]>".[0x3][0xfffffffe]2\[0xffffffc4]P[0xffffff9f][0xffffff82]9[0x6][0xfffffff8][0x5][0x1b][0xffffff81][0xffffff8f]M@\[0xffffffb1][0xffffffcd][0xffffff96][0xffffffd8][0xffffffb6][0xffffffc3][0x5][0xfffffff5]L[0xffffffec][0xffffff85] [0x13][0xfffffffb][0xffffffd8][0xfffffff0][0xffffffc5][0xffffffe6][0x1a]{[0xffffff8c]P[0xffffffbe]g[0x1][0xffffffcc][0xffffffff]^x[0x18][0xffffffbb]`[0xffffffee][0xffffffd1][\r][0xffffffe3][0x1b][0xffffff9c][0xffffffb2][0xffffffa1]/=[0xffffffea][0xffffffe0][0x16][0xffffffb8]#[0x1e][0xffffffb6][0xffffffe8]K[0xb][0xffffff8c]W[0xffffffd8]C-00[0x17][0xfffffffc][0xffffffa9][0xffffffd8]%[0xffffff81][0xffffffd3][0xc][0xffffffe3][0xffffff9b][0xffffffc4][0xffffffb2][0xffffffb0][0xffffff87]][0x1f][0xffffffd0][0x10][0xffffffe3][0x13]w[0x1][0xffffffd8]/[0xffffffe6]c[0xffffff87][0xffffff81][0xffffffc6]w[0xffffffe2][0xffffff9a]<j[0xb][0xffffff8c][0xffffff88][0x1b][0xfffffff0]0[0xf][0xffffffc8][0x0][0xffffffe3]Y[0xffffffb3][0xffffffc6]9"[0xffffff8a]Z[0xffffff9c]F[0xffffffdb][0x10][0xffffffcb][0xfffffff6]&:[0xffffffd0]~[0xffffffff]A3[0x1c][0xffffffb3][0xffffffcd][0xffffffb3][0x2][0xffffffaa][0xe]6[0xe]1[0xffffffc4]+[0x11][0xffffffaf]a[0xffffffb3][0xffffffe4]|[0xffffffc0]E[0xe][0xffffffd6][0xffffffea][0xffffff97][0xffffff93][0xffffffe9]x8[0xffffffed]?[0xffffffdc][0xffffffdd][0xffffff8f][0x6][0xffffffb3][0x1b][0xffffffa8]Ax[0x9][0xffffffe1][0xffffff90][0xffffffd2][0xffffff85][0xffffff8d]![0xffffff8c]( [0xffffffec][0xffffffaf]V61[0xffffffb8]4[0xffffffea]B[0x18][0x13][0xfffffff1][0xffffffc8]u[0xffffffb0][0xffffffc0]>x[0xffffff8e][0xffffffdf][0xffffff85][0xffffffba]Fv[0xffffffb0][O[0xffffffa7][0xffffff84][0xffffff9e][0xffffffc6][0xffffff8f][0xffffffeb][0xffffffab][0xffffffe6]9Eu[0xf][0x14]5[0x1a][0xffffffeb][0xfffffffd]Q[0x7f]2[0xfffffff9][0xffffffdc][0x7f][0xffffffec][0xffffff9f]SOO[0xffffff9b][0xe][0xffffff86][0xffffffe0][0xffffffdb][0xffffffd3]`[0xfffffffa][0x13]|[0xfffffff9][0xffffffaa]?[0xffffffc1][0x19][0xffffffb5][0xfffffffc][\r][0xfffffff2]p[0xffffffc2][0x16][0xffffff93][0xffffffdd][0xffffff8e]n12D[0xffffffbc][0xffffffa4][0x16]w[0xffffffc6][0xfffffffc][0xffffffa8][0xffffffad][0xffffffe8][0xffffff86]c[0xffffffc2]z[0x16][0xffffffa9]*[0xffffffb1]I@c[0xffffff88]}[0xffffffe5][0xffffff9e][0x17][0x1a][0xffffffa8][0xffffffbf][0xfffffffb][0xffffff83][0xffffffdd][0xfffffff5]M:[0xffffffcd][0xffffffd7][0xc]e:[0xffffffbd]Tv[0xffffffcd]v[0xffffff9c][0xffffffda][0xffffffbd]k[0xffffffd1][0xfffffff6][0xffffffc4][0xffffffa3]f`[0xfffffff8][0xffffffcf]{$][0x1d].)W[0xe][0xffffffe7][0xffffffd4][0xfffffff5][0xffffffa9][0xffffff9c][0xffffffae]SH[0xffffffca]j[0xffffffb2]C[0xffffffbf][0xffffff87].V[0x3][0xffffffe6][0xffffffa9]s[0xffffffe2][0xffffffaa][0xb][0xffffffc1][0xffffffa1]D[0xfffffffb]@Qv[0xfffffffc][0xffffffee][0xfffffff1][0xffffffc1][0xffffff8e][0xffffffb6][0xb][0xffffff9f]=[0xffffffe0] C[0xfffffff0][0xffffffa4]T35J([0xffffffee]1m[0xffffffb4]Z[0xffffffa9]:[0xffffffef][0xffffff9d][0xffffffbc]I1[0xffffff95][0xffffffb7][0xffffffa0][0xfffffff1]L[0x6][0xffffffa4][0xffffffa3][0xfffffff3][0xffffffce][0x14]7[0xffffffbd]-[0xffffff91][0x15][0xffffffad]O[0xffffffd3][0xffffff9b][0x1e][0xffffffe8]ob[0xffffffdb](![0xffffff81]0[0xffffff89][0xffffffbe][0xffffffcf]k9[0x15][0xffffff95];[0xffffffd2][0xffffffe9][0xffffffa4]tS[0xffffffbe][0xffffffaf][0xffffffcb][0xffffffc6][0xffffff8f]I[0xffffffb2]d[0xfffffff5][0xffffffd0][0xfffffffa]z[0xffffffe0][0xffffff85][0x17]G[0xffffffb6][0xffffffac]s[0xffffffe1]{[0xffffff95][0xfffffffc][0x16]1[0xffffffff][0xfffffffd] [0xffffffa5]w[0xffffff90][0xffffffbf]rB[0xffffff8e][0xffffffe8]E[0xffffffb2][0xffffffc1][0xffffff8e][0xffffffd7][0xffffff90][0x13][0xffffff91]wT[0xffffffbc][0x3][0xffffff94][0xfffffff5].pGKar[0xffffffa0]B[0xffffffe7][0xffffffc4][0xffffffbf]O[0xffffff91]g[0xffffffd2][0xffffffb1][0xffffffb8]M[0xffffffc2]Y`[0x1b][0x13][0xfffffff3]E5[0xffffff83][0xffffffc8][0xffffffa5]I[0xc][0xffffff8f]2^C[0x10][0xffffff86]4[0xffffff99][0xffffffdb][0xffffffc9]a[0xffffff82]n_[0xffffff99][0xffffffca][0xffffff9a][0xffffffca][0xffffffd8][0xffffffe5][0xffffff8c]r[0xffffffba];[0xffffffaf][0xffffffca]72[0xffffffc1][0xfffffff5][0xffffffbf][0xffffffbb]R[0xe]Y[0xffffffd2]&[0xffffffaf]Y[0xffffffc6]tr[0xffffffa9][0xffffffdc][0xe][0xffffffb2][0xffffff8c][0xffffffac][0xffffffa8][0xffffffa4]_[0x12][0xffffffe3]V[0xffffff97]U[0xffffff93][0xffffff85][0xffffffe5]=[0xffffffe4]$[0x1c]J[0x8]([0xffffffb8][0xffffff96][0xffffffd2][0xffffffe7]:[0xffffffda]N[0xffffffb8][0xffffff8c]/t[0xffffffd6]6[0x1d][0xffffffe1][0xffffff9c]"[0xffffff83][0xffffffc9][0x8] ]Jb[0x0][0xffffffdf][0xffffffb2][0xffffff88]Q[0xfffffffb]x[0xffffffbf][0x15][0xffffffcd][0xffffff81][0xfffffffc][0xffffff8d]-<[0xffffffe4]0[0x8][0x5][0x5][0xffffff84]Q[0xffffffec]}[0xffffffd5][0xffffff9c]QP[0xffffffc5]][0xffffffa7]QPe[0x16][0xffffff8e]ym[0x14][0xffffffb8][0x6][0xffffffc7][0x1e]K[0xffffffdd][0xffffffab][0xffffff90]|E[0xffffffea][0xffffffd2]7R[0xffffffc4]+[0xffffffd1][0x1e]d[0xfffffff0][0xc][0xffffffff][0x11][0xffffffa3][0xffffffb0]<[0xffffff9d][0xffffff9f][0xffffff88][0xffffffbf][0xfffffff4][0xffffffc8][0xffffffbb]-[0xffffffba]H[0xffffffc8][[0xffffffc9][0xffffff95]Qq][0xfffffff6]-[0xffffff94]S[0xffffff91][0xffffff91][0xffffff91][0xffffffef]j[0xffffffe2]yA3[0xffffff93][0xfffffff0][0x1d]-[0xb][0xffffffcb][0xffffffe0][\n]"
18:01:52.428 [main] DEBUG org.apache.hc.client5.http.wire -- http-outgoing-0 << "[0xffffffbb][0xffffff98][0x10]Z[0xffffffd4][0xffffffbc][0xffffffc6][0xffffffd9]`[0xffffffc9]7>[0x9][0x1c]yf[0xffffffe7][0xf]N[0xffffffd3][0xffffffba][0xffffff92][0xfffffff0][0x15]>^%-[0xffffff95]'[0xffffffea]S[0xb]:[0xffffffb4][0xffffffa7][0x15]5[0xffffff96]Sk)=]l[0xffffff85]T[0xfffffffe][0xffffffd4][0xffffff95][0xfffffff4]T[0xffffff9b]-[0xffffffce]$[0xffffffaa]t;[0xffffffac][0xffffffa4]'/([0xffffffdf][0x12][0xffffff92]-%[0xfffffffe]7[0xffffffdf][0xffffffae]/[0xfffffff0][0xffffffd4]in[0xffffff87][0xffffffe3][0xf]u[0xfffffff3][0xffffff94][0x7][0xffffff9c][0xffffffea]i[0x5][0xffffffe0]<[0xffffffba][0xffffffb0]#%[0xffffffaf][0xffffffae][0xffffffa8])[0xffffffe9][0x5]Q/[0xffffffc0][0xc]Y[0xffffffc8]#[0xffffffdb][0xfffffff0]L,[0xffffff8b][0xffffff83]G[0xffffffd0][0xffffffa2][0xffffffd0][0xffffffd1]N*[0xfffffff0]?l[0x1d]d@[0xffffffbe][0x15][0x0][0x0]"
18:01:52.428 [main] DEBUG org.apache.hc.client5.http.impl.classic.InternalHttpClient -- ep-0000000001 releasing valid endpoint
18:01:52.428 [main] DEBUG org.apache.hc.client5.http.impl.io.PoolingHttpClientConnectionManager -- ep-0000000001 releasing endpoint
18:01:52.428 [main] DEBUG org.apache.hc.client5.http.impl.io.PoolingHttpClientConnectionManager -- ep-0000000001 connection http-outgoing-0 can be kept alive for 3 MINUTES
18:01:52.428 [main] DEBUG org.apache.hc.client5.http.impl.io.PoolingHttpClientConnectionManager -- ep-0000000001 connection released [route: {s}->https://raw.githubusercontent.com:443][total available: 1; route allocated: 1 of 5; total allocated: 1 of 25]
18:01:52.428 [main] DEBUG io.github.bonigarcia.wdm.versions.VersionDetector -- Detecting chrome version using online commands.properties
18:01:52.428 [main] DEBUG io.github.bonigarcia.wdm.versions.Shell -- Running command on the shell: [cmd.exe, /C, wmic, datafile, where, name="%PROGRAMFILES:\=\\%\\Google\\Chrome\\Application\\chrome.exe", get, Version, /value]
18:01:53.041 [main] DEBUG io.github.bonigarcia.wdm.versions.Shell -- Result: 
18:01:53.043 [main] DEBUG io.github.bonigarcia.wdm.versions.Shell -- Running command on the shell: [cmd.exe, /C, wmic, datafile, where, name="%PROGRAMFILES(X86):\=\\%\\Google\\Chrome\\Application\\chrome.exe", get, Version, /value]
18:01:53.672 [main] DEBUG io.github.bonigarcia.wdm.versions.Shell -- Result: 
18:01:53.674 [main] DEBUG io.github.bonigarcia.wdm.versions.Shell -- Running command on the shell: [cmd.exe, /C, wmic, datafile, where, name="%LOCALAPPDATA:\=\\%\\Google\\Chrome\\Application\\chrome.exe", get, Version, /value]
18:01:54.250 [main] DEBUG io.github.bonigarcia.wdm.versions.Shell -- Result: 
18:01:54.250 [main] DEBUG io.github.bonigarcia.wdm.versions.Shell -- Running command on the shell: [REG, QUERY, HKCU\Software\Google\Chrome\BLBeacon, /v, version]
18:01:54.723 [main] DEBUG io.github.bonigarcia.wdm.versions.Shell -- Result: HKEY_CURRENT_USER\Software\Google\Chrome\BLBeacon
    version    REG_SZ    146.0.7680.178
18:01:54.723 [main] DEBUG io.github.bonigarcia.wdm.cache.ResolutionCache -- Resolution chrome146=146.0.7680.165 in cache (valid until 15:55:09 20/05/2026 IST)
18:01:54.723 [main] INFO io.github.bonigarcia.wdm.WebDriverManager -- Using chromedriver 146.0.7680.165 (resolved driver for Chrome 146)
18:01:54.734 [main] DEBUG io.github.bonigarcia.wdm.cache.ResolutionCache -- Storing resolution chrome=146 in cache (valid until 19:01:54 19/05/2026 IST)
18:01:54.755 [main] DEBUG io.github.bonigarcia.wdm.WebDriverManager -- Driver chromedriver 146.0.7680.165 found in cache
18:01:54.762 [main] INFO io.github.bonigarcia.wdm.WebDriverManager -- Exporting webdriver.chrome.driver as C:\Users\2479309\.cache\selenium\chromedriver\win64\146.0.7680.165\chromedriver.exe
18:01:54.762 [main] INFO com.projectsphere.automation.base.BaseTest -- Launching Chrome WebDriver (automation detection disabled)
18:01:57.257 [main] INFO com.projectsphere.automation.base.BaseTest -- Navigating to: https://projectsphere-8xvr.onrender.com/home
18:01:58.573 [main] INFO com.projectsphere.automation.base.BaseTest -- Page loaded. Title='ProjectSphere' URL='https://projectsphere-8xvr.onrender.com/home'
18:01:58.573 [main] INFO com.projectsphere.automation.base.BaseTest -- Checking which page loaded (marketing page or login form)...
18:02:20.207 [main] INFO com.projectsphere.automation.base.BaseTest -- Login form not visible yet — looking for 'Sign In' nav button on landing page...
18:02:20.352 [main] INFO com.projectsphere.automation.base.BaseTest -- Found 'Sign In' nav button (text='Sign In') — clicking it.
18:02:20.566 [main] INFO com.projectsphere.automation.base.BaseTest -- Waiting for login form after Sign In click (up to 90s)...
18:02:20.593 [main] INFO com.projectsphere.automation.base.BaseTest -- Login form appeared after 0s.
18:02:20.593 [main] INFO com.projectsphere.automation.utils.ExtentReportListener -- Test started: TC_SEARCH_03_searchForNonExistentTermShowsNoResults
18:02:20.595 [main] INFO com.projectsphere.automation.pages.LoginPage -- LoginPage initialized with explicit wait=60s
18:02:20.679 [main] DEBUG com.projectsphere.automation.pages.LoginPage -- Email field located: placeholder='Enter your email'
18:02:21.032 [main] INFO com.projectsphere.automation.pages.LoginPage -- Entered email: admin@projectsphere.com
18:02:21.092 [main] DEBUG com.projectsphere.automation.pages.LoginPage -- Password field located
18:02:21.327 [main] INFO com.projectsphere.automation.pages.LoginPage -- Entered password: [hidden]
18:02:21.589 [main] INFO com.projectsphere.automation.pages.LoginPage -- Clicked Sign In button (button.btn-sign)
18:02:21.589 [main] INFO com.projectsphere.automation.pages.LoginPage -- Attempting Admin login with: admin@projectsphere.com
18:02:21.589 [main] INFO com.projectsphere.automation.pages.AdminDashboardPage -- AdminDashboardPage initialized
18:02:23.410 [main] INFO com.projectsphere.automation.pages.AdminDashboardPage -- Typed search query: 'XYZABC_NO_MATCH_99999'
18:02:34.081 [main] WARN com.projectsphere.automation.utils.RetryAnalyzer -- Retrying test 'TC_SEARCH_03_searchForNonExistentTermShowsNoResults' – attempt 2/2
]]></system-out>
    <system-err><![CDATA[May 19, 2026 6:01:57 PM org.openqa.selenium.devtools.CdpVersionFinder findNearestMatch
WARNING: Unable to find CDP implementation matching 146
May 19, 2026 6:01:57 PM org.openqa.selenium.chromium.ChromiumDriver lambda$new$5
WARNING: Unable to find version of CDP to use for 146.0.7680.178. You may need to include a dependency on a specific version of the CDP using something similar to `org.seleniumhq.selenium:selenium-devtools-v86:4.21.0` where the version ("v86") matches the version of the chromium-based browser you're using and the version number of the artifact is the same as Selenium's.
]]></system-err>
  </testcase>
  <testcase name="TC_SEARCH_03_searchForNonExistentTermShowsNoResults" classname="com.projectsphere.automation.tests.AdminTests" time="13.403">
    <failure message="The following asserts failed:&#10;	System should display a &apos;No results found&apos; message for a non-existent search term expected [true] but found [false]" type="java.lang.AssertionError"><![CDATA[java.lang.AssertionError: 
The following asserts failed:
	System should display a 'No results found' message for a non-existent search term expected [true] but found [false]
	at org.testng.asserts.SoftAssert.assertAll(SoftAssert.java:46)
	at org.testng.asserts.SoftAssert.assertAll(SoftAssert.java:30)
	at com.projectsphere.automation.tests.AdminTests.TC_SEARCH_03_searchForNonExistentTermShowsNoResults(AdminTests.java:681)
	at java.base/jdk.internal.reflect.DirectMethodHandleAccessor.invoke(DirectMethodHandleAccessor.java:103)
	at java.base/java.lang.reflect.Method.invoke(Method.java:580)
	at org.testng.internal.invokers.MethodInvocationHelper.invokeMethod(MethodInvocationHelper.java:141)
	at org.testng.internal.invokers.TestInvoker.invokeMethod(TestInvoker.java:686)
	at org.testng.internal.invokers.TestInvoker.retryFailed(TestInvoker.java:269)
	at org.testng.internal.invokers.MethodRunner.runInSequence(MethodRunner.java:76)
	at org.testng.internal.invokers.TestInvoker$MethodInvocationAgent.invoke(TestInvoker.java:992)
	at org.testng.internal.invokers.TestInvoker.invokeTestMethods(TestInvoker.java:203)
	at org.testng.internal.invokers.TestMethodWorker.invokeTestMethods(TestMethodWorker.java:154)
	at org.testng.internal.invokers.TestMethodWorker.run(TestMethodWorker.java:134)
	at java.base/java.util.ArrayList.forEach(ArrayList.java:1596)
	at org.testng.TestRunner.privateRun(TestRunner.java:739)
	at org.testng.TestRunner.run(TestRunner.java:614)
	at org.testng.SuiteRunner.runTest(SuiteRunner.java:421)
	at org.testng.SuiteRunner.runSequentially(SuiteRunner.java:413)
	at org.testng.SuiteRunner.privateRun(SuiteRunner.java:373)
	at org.testng.SuiteRunner.run(SuiteRunner.java:312)
	at org.testng.SuiteRunnerWorker.runSuite(SuiteRunnerWorker.java:52)
	at org.testng.SuiteRunnerWorker.run(SuiteRunnerWorker.java:95)
	at org.testng.TestNG.runSuitesSequentially(TestNG.java:1274)
	at org.testng.TestNG.runSuitesLocally(TestNG.java:1208)
	at org.testng.TestNG.runSuites(TestNG.java:1112)
	at org.testng.TestNG.run(TestNG.java:1079)
	at org.apache.maven.surefire.testng.TestNGExecutor.run(TestNGExecutor.java:155)
	at org.apache.maven.surefire.testng.TestNGDirectoryTestSuite.executeSingleClass(TestNGDirectoryTestSuite.java:102)
	at org.apache.maven.surefire.testng.TestNGDirectoryTestSuite.execute(TestNGDirectoryTestSuite.java:91)
	at org.apache.maven.surefire.testng.TestNGProvider.invoke(TestNGProvider.java:137)
	at org.apache.maven.surefire.booter.ForkedBooter.runSuitesInProcess(ForkedBooter.java:385)
	at org.apache.maven.surefire.booter.ForkedBooter.execute(ForkedBooter.java:162)
	at org.apache.maven.surefire.booter.ForkedBooter.run(ForkedBooter.java:507)
	at org.apache.maven.surefire.booter.ForkedBooter.main(ForkedBooter.java:495)
]]></failure>
    <system-out><![CDATA[18:02:34.086 [main] WARN com.projectsphere.automation.utils.ExtentReportListener -- Test skipped: TC_SEARCH_03_searchForNonExistentTermShowsNoResults
18:02:42.200 [main] INFO com.projectsphere.automation.base.BaseTest -- WebDriver quit successfully for test: TC_SEARCH_03_searchForNonExistentTermShowsNoResults
18:02:42.204 [main] INFO com.projectsphere.automation.base.BaseTest -- Setting up WebDriver — browser=chrome, env=dev
18:02:42.210 [main] DEBUG io.github.bonigarcia.wdm.WebDriverManager -- Using WebDriverManager 5.9.2
18:02:42.248 [main] DEBUG io.github.bonigarcia.wdm.cache.ResolutionCache -- Resolution chrome=146 in cache (valid until 19:01:54 19/05/2026 IST)
18:02:42.250 [main] DEBUG io.github.bonigarcia.wdm.cache.ResolutionCache -- Resolution chrome146=146.0.7680.165 in cache (valid until 15:55:09 20/05/2026 IST)
18:02:42.250 [main] INFO io.github.bonigarcia.wdm.WebDriverManager -- Using chromedriver 146.0.7680.165 (resolved driver for Chrome 146)
18:02:42.284 [main] DEBUG io.github.bonigarcia.wdm.WebDriverManager -- Driver chromedriver 146.0.7680.165 found in cache
18:02:42.286 [main] INFO io.github.bonigarcia.wdm.WebDriverManager -- Exporting webdriver.chrome.driver as C:\Users\2479309\.cache\selenium\chromedriver\win64\146.0.7680.165\chromedriver.exe
18:02:42.286 [main] INFO com.projectsphere.automation.base.BaseTest -- Launching Chrome WebDriver (automation detection disabled)
18:02:44.981 [main] INFO com.projectsphere.automation.base.BaseTest -- Navigating to: https://projectsphere-8xvr.onrender.com/home
18:02:45.991 [main] INFO com.projectsphere.automation.base.BaseTest -- Page loaded. Title='ProjectSphere' URL='https://projectsphere-8xvr.onrender.com/home'
18:02:45.991 [main] INFO com.projectsphere.automation.base.BaseTest -- Checking which page loaded (marketing page or login form)...
18:03:06.621 [main] INFO com.projectsphere.automation.base.BaseTest -- Login form not visible yet — looking for 'Sign In' nav button on landing page...
18:03:06.766 [main] INFO com.projectsphere.automation.base.BaseTest -- Found 'Sign In' nav button (text='Sign In') — clicking it.
18:03:06.996 [main] INFO com.projectsphere.automation.base.BaseTest -- Waiting for login form after Sign In click (up to 90s)...
18:03:07.017 [main] INFO com.projectsphere.automation.base.BaseTest -- Login form appeared after 0s.
18:03:07.020 [main] INFO com.projectsphere.automation.utils.ExtentReportListener -- Test started: TC_SEARCH_03_searchForNonExistentTermShowsNoResults
18:03:07.020 [main] INFO com.projectsphere.automation.pages.LoginPage -- LoginPage initialized with explicit wait=60s
18:03:07.092 [main] DEBUG com.projectsphere.automation.pages.LoginPage -- Email field located: placeholder='Enter your email'
18:03:07.562 [main] INFO com.projectsphere.automation.pages.LoginPage -- Entered email: admin@projectsphere.com
18:03:07.609 [main] DEBUG com.projectsphere.automation.pages.LoginPage -- Password field located
18:03:07.913 [main] INFO com.projectsphere.automation.pages.LoginPage -- Entered password: [hidden]
18:03:08.173 [main] INFO com.projectsphere.automation.pages.LoginPage -- Clicked Sign In button (button.btn-sign)
18:03:08.173 [main] INFO com.projectsphere.automation.pages.LoginPage -- Attempting Admin login with: admin@projectsphere.com
18:03:08.173 [main] INFO com.projectsphere.automation.pages.AdminDashboardPage -- AdminDashboardPage initialized
18:03:09.785 [main] INFO com.projectsphere.automation.pages.AdminDashboardPage -- Typed search query: 'XYZABC_NO_MATCH_99999'
18:03:20.421 [main] ERROR com.projectsphere.automation.utils.RetryAnalyzer -- Test 'TC_SEARCH_03_searchForNonExistentTermShowsNoResults' exhausted 2 retries and is marked FAILED
]]></system-out>
    <system-err><![CDATA[May 19, 2026 6:02:44 PM org.openqa.selenium.devtools.CdpVersionFinder findNearestMatch
WARNING: Unable to find CDP implementation matching 146
May 19, 2026 6:02:44 PM org.openqa.selenium.chromium.ChromiumDriver lambda$new$5
WARNING: Unable to find version of CDP to use for 146.0.7680.178. You may need to include a dependency on a specific version of the CDP using something similar to `org.seleniumhq.selenium:selenium-devtools-v86:4.21.0` where the version ("v86") matches the version of the chromium-based browser you're using and the version number of the artifact is the same as Selenium's.
]]></system-err>
  </testcase>
  <testcase name="TC_SEARCH_04_clearingSearchClosesResults" classname="com.projectsphere.automation.tests.AdminTests" time="0.0">
    <skipped message="The following asserts failed:&#10;	Search results should appear after typing &apos;admin&apos; before clearing expected [true] but found [false]"/>
    <system-out><![CDATA[18:03:20.615 [main] INFO com.projectsphere.automation.utils.ExtentReportListener -- Screenshot captured: target/screenshots\TC_SEARCH_03_searchForNonExistentTermShowsNoResults_1779194000430.png
18:03:20.615 [main] ERROR com.projectsphere.automation.utils.ExtentReportListener -- Test failed: TC_SEARCH_03_searchForNonExistentTermShowsNoResults — The following asserts failed:
	System should display a 'No results found' message for a non-existent search term expected [true] but found [false]
18:03:20.617 [main] WARN com.projectsphere.automation.base.BaseTest -- Test FAILED: TC_SEARCH_03_searchForNonExistentTermShowsNoResults
18:03:29.580 [main] INFO com.projectsphere.automation.base.BaseTest -- WebDriver quit successfully for test: TC_SEARCH_03_searchForNonExistentTermShowsNoResults
18:03:29.583 [main] INFO com.projectsphere.automation.base.BaseTest -- Setting up WebDriver — browser=chrome, env=dev
18:03:29.583 [main] DEBUG io.github.bonigarcia.wdm.WebDriverManager -- Using WebDriverManager 5.9.2
18:03:29.623 [main] DEBUG io.github.bonigarcia.wdm.cache.ResolutionCache -- Resolution chrome=146 in cache (valid until 19:01:54 19/05/2026 IST)
18:03:29.623 [main] DEBUG io.github.bonigarcia.wdm.cache.ResolutionCache -- Resolution chrome146=146.0.7680.165 in cache (valid until 15:55:09 20/05/2026 IST)
18:03:29.625 [main] INFO io.github.bonigarcia.wdm.WebDriverManager -- Using chromedriver 146.0.7680.165 (resolved driver for Chrome 146)
18:03:29.647 [main] DEBUG io.github.bonigarcia.wdm.WebDriverManager -- Driver chromedriver 146.0.7680.165 found in cache
18:03:29.656 [main] INFO io.github.bonigarcia.wdm.WebDriverManager -- Exporting webdriver.chrome.driver as C:\Users\2479309\.cache\selenium\chromedriver\win64\146.0.7680.165\chromedriver.exe
18:03:29.656 [main] INFO com.projectsphere.automation.base.BaseTest -- Launching Chrome WebDriver (automation detection disabled)
18:03:32.678 [main] INFO com.projectsphere.automation.base.BaseTest -- Navigating to: https://projectsphere-8xvr.onrender.com/home
18:03:34.507 [main] INFO com.projectsphere.automation.base.BaseTest -- Page loaded. Title='ProjectSphere' URL='https://projectsphere-8xvr.onrender.com/home'
18:03:34.507 [main] INFO com.projectsphere.automation.base.BaseTest -- Checking which page loaded (marketing page or login form)...
18:03:55.101 [main] INFO com.projectsphere.automation.base.BaseTest -- Login form not visible yet — looking for 'Sign In' nav button on landing page...
18:03:55.224 [main] INFO com.projectsphere.automation.base.BaseTest -- Found 'Sign In' nav button (text='Sign In') — clicking it.
18:03:55.419 [main] INFO com.projectsphere.automation.base.BaseTest -- Waiting for login form after Sign In click (up to 90s)...
18:03:55.440 [main] INFO com.projectsphere.automation.base.BaseTest -- Login form appeared after 0s.
18:03:55.442 [main] INFO com.projectsphere.automation.utils.ExtentReportListener -- Test started: TC_SEARCH_04_clearingSearchClosesResults
18:03:55.443 [main] INFO com.projectsphere.automation.pages.LoginPage -- LoginPage initialized with explicit wait=60s
18:03:55.501 [main] DEBUG com.projectsphere.automation.pages.LoginPage -- Email field located: placeholder='Enter your email'
18:03:55.854 [main] INFO com.projectsphere.automation.pages.LoginPage -- Entered email: admin@projectsphere.com
18:03:55.915 [main] DEBUG com.projectsphere.automation.pages.LoginPage -- Password field located
18:03:56.170 [main] INFO com.projectsphere.automation.pages.LoginPage -- Entered password: [hidden]
18:03:56.497 [main] INFO com.projectsphere.automation.pages.LoginPage -- Clicked Sign In button (button.btn-sign)
18:03:56.497 [main] INFO com.projectsphere.automation.pages.LoginPage -- Attempting Admin login with: admin@projectsphere.com
18:03:56.497 [main] INFO com.projectsphere.automation.pages.AdminDashboardPage -- AdminDashboardPage initialized
18:03:58.107 [main] INFO com.projectsphere.automation.pages.AdminDashboardPage -- Typed search query: 'admin'
18:04:09.135 [main] INFO com.projectsphere.automation.pages.AdminDashboardPage -- Cleared global search bar
18:04:19.563 [main] WARN com.projectsphere.automation.utils.RetryAnalyzer -- Retrying test 'TC_SEARCH_04_clearingSearchClosesResults' – attempt 1/2
]]></system-out>
    <system-err><![CDATA[May 19, 2026 6:03:32 PM org.openqa.selenium.devtools.CdpVersionFinder findNearestMatch
WARNING: Unable to find CDP implementation matching 146
May 19, 2026 6:03:32 PM org.openqa.selenium.chromium.ChromiumDriver lambda$new$5
WARNING: Unable to find version of CDP to use for 146.0.7680.178. You may need to include a dependency on a specific version of the CDP using something similar to `org.seleniumhq.selenium:selenium-devtools-v86:4.21.0` where the version ("v86") matches the version of the chromium-based browser you're using and the version number of the artifact is the same as Selenium's.
]]></system-err>
  </testcase>
  <testcase name="TC_SEARCH_04_clearingSearchClosesResults" classname="com.projectsphere.automation.tests.AdminTests" time="0.0">
    <skipped message="The following asserts failed:&#10;	Search results should appear after typing &apos;admin&apos; before clearing expected [true] but found [false]"/>
    <system-out><![CDATA[18:04:19.565 [main] WARN com.projectsphere.automation.utils.ExtentReportListener -- Test skipped: TC_SEARCH_04_clearingSearchClosesResults
18:04:30.487 [main] INFO com.projectsphere.automation.base.BaseTest -- WebDriver quit successfully for test: TC_SEARCH_04_clearingSearchClosesResults
18:04:30.487 [main] INFO com.projectsphere.automation.base.BaseTest -- Setting up WebDriver — browser=chrome, env=dev
18:04:30.499 [main] DEBUG io.github.bonigarcia.wdm.WebDriverManager -- Using WebDriverManager 5.9.2
18:04:30.540 [main] DEBUG io.github.bonigarcia.wdm.cache.ResolutionCache -- Resolution chrome=146 in cache (valid until 19:01:54 19/05/2026 IST)
18:04:30.545 [main] DEBUG io.github.bonigarcia.wdm.cache.ResolutionCache -- Resolution chrome146=146.0.7680.165 in cache (valid until 15:55:09 20/05/2026 IST)
18:04:30.547 [main] INFO io.github.bonigarcia.wdm.WebDriverManager -- Using chromedriver 146.0.7680.165 (resolved driver for Chrome 146)
18:04:30.585 [main] DEBUG io.github.bonigarcia.wdm.WebDriverManager -- Driver chromedriver 146.0.7680.165 found in cache
18:04:30.585 [main] INFO io.github.bonigarcia.wdm.WebDriverManager -- Exporting webdriver.chrome.driver as C:\Users\2479309\.cache\selenium\chromedriver\win64\146.0.7680.165\chromedriver.exe
18:04:30.585 [main] INFO com.projectsphere.automation.base.BaseTest -- Launching Chrome WebDriver (automation detection disabled)
18:04:33.487 [main] INFO com.projectsphere.automation.base.BaseTest -- Navigating to: https://projectsphere-8xvr.onrender.com/home
18:04:34.373 [main] INFO com.projectsphere.automation.base.BaseTest -- Page loaded. Title='ProjectSphere' URL='https://projectsphere-8xvr.onrender.com/home'
18:04:34.373 [main] INFO com.projectsphere.automation.base.BaseTest -- Checking which page loaded (marketing page or login form)...
18:04:54.937 [main] INFO com.projectsphere.automation.base.BaseTest -- Login form not visible yet — looking for 'Sign In' nav button on landing page...
18:04:55.044 [main] INFO com.projectsphere.automation.base.BaseTest -- Found 'Sign In' nav button (text='Sign In') — clicking it.
18:04:55.218 [main] INFO com.projectsphere.automation.base.BaseTest -- Waiting for login form after Sign In click (up to 90s)...
18:04:55.239 [main] INFO com.projectsphere.automation.base.BaseTest -- Login form appeared after 0s.
18:04:55.239 [main] INFO com.projectsphere.automation.utils.ExtentReportListener -- Test started: TC_SEARCH_04_clearingSearchClosesResults
18:04:55.241 [main] INFO com.projectsphere.automation.pages.LoginPage -- LoginPage initialized with explicit wait=60s
18:04:55.300 [main] DEBUG com.projectsphere.automation.pages.LoginPage -- Email field located: placeholder='Enter your email'
18:04:55.535 [main] INFO com.projectsphere.automation.pages.LoginPage -- Entered email: admin@projectsphere.com
18:04:55.593 [main] DEBUG com.projectsphere.automation.pages.LoginPage -- Password field located
18:04:55.816 [main] INFO com.projectsphere.automation.pages.LoginPage -- Entered password: [hidden]
18:04:56.010 [main] INFO com.projectsphere.automation.pages.LoginPage -- Clicked Sign In button (button.btn-sign)
18:04:56.010 [main] INFO com.projectsphere.automation.pages.LoginPage -- Attempting Admin login with: admin@projectsphere.com
18:04:56.010 [main] INFO com.projectsphere.automation.pages.AdminDashboardPage -- AdminDashboardPage initialized
18:04:57.510 [main] INFO com.projectsphere.automation.pages.AdminDashboardPage -- Typed search query: 'admin'
18:05:08.461 [main] INFO com.projectsphere.automation.pages.AdminDashboardPage -- Cleared global search bar
18:05:18.882 [main] WARN com.projectsphere.automation.utils.RetryAnalyzer -- Retrying test 'TC_SEARCH_04_clearingSearchClosesResults' – attempt 2/2
]]></system-out>
    <system-err><![CDATA[May 19, 2026 6:04:33 PM org.openqa.selenium.devtools.CdpVersionFinder findNearestMatch
WARNING: Unable to find CDP implementation matching 146
May 19, 2026 6:04:33 PM org.openqa.selenium.chromium.ChromiumDriver lambda$new$5
WARNING: Unable to find version of CDP to use for 146.0.7680.178. You may need to include a dependency on a specific version of the CDP using something similar to `org.seleniumhq.selenium:selenium-devtools-v86:4.21.0` where the version ("v86") matches the version of the chromium-based browser you're using and the version number of the artifact is the same as Selenium's.
]]></system-err>
  </testcase>
  <testcase name="TC_SEARCH_04_clearingSearchClosesResults" classname="com.projectsphere.automation.tests.AdminTests" time="23.917">
    <failure message="The following asserts failed:&#10;	Search results should appear after typing &apos;admin&apos; before clearing expected [true] but found [false]" type="java.lang.AssertionError"><![CDATA[java.lang.AssertionError: 
The following asserts failed:
	Search results should appear after typing 'admin' before clearing expected [true] but found [false]
	at org.testng.asserts.SoftAssert.assertAll(SoftAssert.java:46)
	at org.testng.asserts.SoftAssert.assertAll(SoftAssert.java:30)
	at com.projectsphere.automation.tests.AdminTests.TC_SEARCH_04_clearingSearchClosesResults(AdminTests.java:706)
	at java.base/jdk.internal.reflect.DirectMethodHandleAccessor.invoke(DirectMethodHandleAccessor.java:103)
	at java.base/java.lang.reflect.Method.invoke(Method.java:580)
	at org.testng.internal.invokers.MethodInvocationHelper.invokeMethod(MethodInvocationHelper.java:141)
	at org.testng.internal.invokers.TestInvoker.invokeMethod(TestInvoker.java:686)
	at org.testng.internal.invokers.TestInvoker.retryFailed(TestInvoker.java:269)
	at org.testng.internal.invokers.MethodRunner.runInSequence(MethodRunner.java:76)
	at org.testng.internal.invokers.TestInvoker$MethodInvocationAgent.invoke(TestInvoker.java:992)
	at org.testng.internal.invokers.TestInvoker.invokeTestMethods(TestInvoker.java:203)
	at org.testng.internal.invokers.TestMethodWorker.invokeTestMethods(TestMethodWorker.java:154)
	at org.testng.internal.invokers.TestMethodWorker.run(TestMethodWorker.java:134)
	at java.base/java.util.ArrayList.forEach(ArrayList.java:1596)
	at org.testng.TestRunner.privateRun(TestRunner.java:739)
	at org.testng.TestRunner.run(TestRunner.java:614)
	at org.testng.SuiteRunner.runTest(SuiteRunner.java:421)
	at org.testng.SuiteRunner.runSequentially(SuiteRunner.java:413)
	at org.testng.SuiteRunner.privateRun(SuiteRunner.java:373)
	at org.testng.SuiteRunner.run(SuiteRunner.java:312)
	at org.testng.SuiteRunnerWorker.runSuite(SuiteRunnerWorker.java:52)
	at org.testng.SuiteRunnerWorker.run(SuiteRunnerWorker.java:95)
	at org.testng.TestNG.runSuitesSequentially(TestNG.java:1274)
	at org.testng.TestNG.runSuitesLocally(TestNG.java:1208)
	at org.testng.TestNG.runSuites(TestNG.java:1112)
	at org.testng.TestNG.run(TestNG.java:1079)
	at org.apache.maven.surefire.testng.TestNGExecutor.run(TestNGExecutor.java:155)
	at org.apache.maven.surefire.testng.TestNGDirectoryTestSuite.executeSingleClass(TestNGDirectoryTestSuite.java:102)
	at org.apache.maven.surefire.testng.TestNGDirectoryTestSuite.execute(TestNGDirectoryTestSuite.java:91)
	at org.apache.maven.surefire.testng.TestNGProvider.invoke(TestNGProvider.java:137)
	at org.apache.maven.surefire.booter.ForkedBooter.runSuitesInProcess(ForkedBooter.java:385)
	at org.apache.maven.surefire.booter.ForkedBooter.execute(ForkedBooter.java:162)
	at org.apache.maven.surefire.booter.ForkedBooter.run(ForkedBooter.java:507)
	at org.apache.maven.surefire.booter.ForkedBooter.main(ForkedBooter.java:495)
]]></failure>
    <system-out><![CDATA[18:05:18.886 [main] WARN com.projectsphere.automation.utils.ExtentReportListener -- Test skipped: TC_SEARCH_04_clearingSearchClosesResults
18:05:29.228 [main] INFO com.projectsphere.automation.base.BaseTest -- WebDriver quit successfully for test: TC_SEARCH_04_clearingSearchClosesResults
18:05:29.233 [main] INFO com.projectsphere.automation.base.BaseTest -- Setting up WebDriver — browser=chrome, env=dev
18:05:29.241 [main] DEBUG io.github.bonigarcia.wdm.WebDriverManager -- Using WebDriverManager 5.9.2
18:05:29.288 [main] DEBUG io.github.bonigarcia.wdm.cache.ResolutionCache -- Resolution chrome=146 in cache (valid until 19:01:54 19/05/2026 IST)
18:05:29.290 [main] DEBUG io.github.bonigarcia.wdm.cache.ResolutionCache -- Resolution chrome146=146.0.7680.165 in cache (valid until 15:55:09 20/05/2026 IST)
18:05:29.290 [main] INFO io.github.bonigarcia.wdm.WebDriverManager -- Using chromedriver 146.0.7680.165 (resolved driver for Chrome 146)
18:05:29.344 [main] DEBUG io.github.bonigarcia.wdm.WebDriverManager -- Driver chromedriver 146.0.7680.165 found in cache
18:05:29.346 [main] INFO io.github.bonigarcia.wdm.WebDriverManager -- Exporting webdriver.chrome.driver as C:\Users\2479309\.cache\selenium\chromedriver\win64\146.0.7680.165\chromedriver.exe
18:05:29.346 [main] INFO com.projectsphere.automation.base.BaseTest -- Launching Chrome WebDriver (automation detection disabled)
18:05:32.254 [main] INFO com.projectsphere.automation.base.BaseTest -- Navigating to: https://projectsphere-8xvr.onrender.com/home
18:05:33.324 [main] INFO com.projectsphere.automation.base.BaseTest -- Page loaded. Title='ProjectSphere' URL='https://projectsphere-8xvr.onrender.com/home'
18:05:33.325 [main] INFO com.projectsphere.automation.base.BaseTest -- Checking which page loaded (marketing page or login form)...
18:05:53.988 [main] INFO com.projectsphere.automation.base.BaseTest -- Login form not visible yet — looking for 'Sign In' nav button on landing page...
18:05:54.143 [main] INFO com.projectsphere.automation.base.BaseTest -- Found 'Sign In' nav button (text='Sign In') — clicking it.
18:05:54.384 [main] INFO com.projectsphere.automation.base.BaseTest -- Waiting for login form after Sign In click (up to 90s)...
18:05:54.404 [main] INFO com.projectsphere.automation.base.BaseTest -- Login form appeared after 0s.
18:05:54.404 [main] INFO com.projectsphere.automation.utils.ExtentReportListener -- Test started: TC_SEARCH_04_clearingSearchClosesResults
18:05:54.404 [main] INFO com.projectsphere.automation.pages.LoginPage -- LoginPage initialized with explicit wait=60s
18:05:54.465 [main] DEBUG com.projectsphere.automation.pages.LoginPage -- Email field located: placeholder='Enter your email'
18:05:54.821 [main] INFO com.projectsphere.automation.pages.LoginPage -- Entered email: admin@projectsphere.com
18:05:54.871 [main] DEBUG com.projectsphere.automation.pages.LoginPage -- Password field located
18:05:55.121 [main] INFO com.projectsphere.automation.pages.LoginPage -- Entered password: [hidden]
18:05:55.407 [main] INFO com.projectsphere.automation.pages.LoginPage -- Clicked Sign In button (button.btn-sign)
18:05:55.407 [main] INFO com.projectsphere.automation.pages.LoginPage -- Attempting Admin login with: admin@projectsphere.com
18:05:55.407 [main] INFO com.projectsphere.automation.pages.AdminDashboardPage -- AdminDashboardPage initialized
18:05:56.839 [main] INFO com.projectsphere.automation.pages.AdminDashboardPage -- Typed search query: 'admin'
18:06:07.875 [main] INFO com.projectsphere.automation.pages.AdminDashboardPage -- Cleared global search bar
18:06:18.322 [main] ERROR com.projectsphere.automation.utils.RetryAnalyzer -- Test 'TC_SEARCH_04_clearingSearchClosesResults' exhausted 2 retries and is marked FAILED
]]></system-out>
    <system-err><![CDATA[May 19, 2026 6:05:32 PM org.openqa.selenium.devtools.CdpVersionFinder findNearestMatch
WARNING: Unable to find CDP implementation matching 146
May 19, 2026 6:05:32 PM org.openqa.selenium.chromium.ChromiumDriver lambda$new$5
WARNING: Unable to find version of CDP to use for 146.0.7680.178. You may need to include a dependency on a specific version of the CDP using something similar to `org.seleniumhq.selenium:selenium-devtools-v86:4.21.0` where the version ("v86") matches the version of the chromium-based browser you're using and the version number of the artifact is the same as Selenium's.
]]></system-err>
  </testcase>
</testsuite>