<?xml version="1.0" encoding="UTF-8"?>
<!-- Generated by org.testng.reporters.JUnitXMLReporter -->
<testsuite ignored="13" hostname="LTIN718011" failures="0" tests="1" name="Surefire test" time="45.659" errors="0" timestamp="2026-05-19T23:59:02 IST">
  <testcase classname="com.projectsphere.automation.tests.PMTests" name="TC040_pmCanEditOwnProjectDetails" time="11.23"/>
  <testcase classname="com.projectsphere.automation.tests.PMTests" name="TC030_pmCanUpdateProjectStatus" time="0.0">
    <ignored/>
  </testcase> <!-- TC030_pmCanUpdateProjectStatus -->
  <testcase classname="com.projectsphere.automation.tests.PMTests" name="TC038_pmCanRenameTeamAndAssignScrumMaster" time="0.0">
    <ignored/>
  </testcase> <!-- TC038_pmCanRenameTeamAndAssignScrumMaster -->
  <testcase classname="com.projectsphere.automation.tests.PMTests" name="TC032_pmCanViewTeamsLinkedToProjects" time="0.0">
    <ignored/>
  </testcase> <!-- TC032_pmCanViewTeamsLinkedToProjects -->
  <testcase classname="com.projectsphere.automation.tests.PMTests" name="TC029_pmCanViewAssignedProjects" time="0.0">
    <ignored/>
  </testcase> <!-- TC029_pmCanViewAssignedProjects -->
  <testcase classname="com.projectsphere.automation.tests.PMTests" name="TC039_lockedMemberIndicatorShownForDeveloperInAnotherTeam" time="0.0">
    <ignored/>
  </testcase> <!-- TC039_lockedMemberIndicatorShownForDeveloperInAnotherTeam -->
  <testcase classname="com.projectsphere.automation.tests.PMTests" name="TC037_createTeamDropdownExcludesProjectsWithExistingTeam" time="0.0">
    <ignored/>
  </testcase> <!-- TC037_createTeamDropdownExcludesProjectsWithExistingTeam -->
  <testcase classname="com.projectsphere.automation.tests.PMTests" name="TC035_pmCannotCreateProjectWithBlankName" time="0.0">
    <ignored/>
  </testcase> <!-- TC035_pmCannotCreateProjectWithBlankName -->
  <testcase classname="com.projectsphere.automation.tests.PMTests" name="TC041_pmCanDeleteOwnProject" time="0.0">
    <ignored/>
  </testcase> <!-- TC041_pmCanDeleteOwnProject -->
  <testcase classname="com.projectsphere.automation.tests.PMTests" name="TC033_pmCanAddAndRemoveMembersFromTeam" time="0.0">
    <ignored/>
  </testcase> <!-- TC033_pmCanAddAndRemoveMembersFromTeam -->
  <testcase classname="com.projectsphere.automation.tests.PMTests" name="TC036_pmCanCreateTeamForUnassignedProject" time="0.0">
    <ignored/>
  </testcase> <!-- TC036_pmCanCreateTeamForUnassignedProject -->
  <testcase classname="com.projectsphere.automation.tests.PMTests" name="TC031_moveToWorkspaceButtonVisibleAndNavigates" time="0.0">
    <ignored/>
  </testcase> <!-- TC031_moveToWorkspaceButtonVisibleAndNavigates -->
  <testcase classname="com.projectsphere.automation.tests.PMTests" name="TC034_pmCanCreateNewProject" time="0.0">
    <ignored/>
  </testcase> <!-- TC034_pmCanCreateNewProject -->
  <testcase classname="com.projectsphere.automation.tests.PMTests" name="TC028_pmDashboardLoadsWithProjectAndTeamSummary" time="0.0">
    <ignored/>
  </testcase> <!-- TC028_pmDashboardLoadsWithProjectAndTeamSummary -->
</testsuite> <!-- Surefire test -->
